{
  "RSpec": {
    "coverage": {
      "/Users/alittlecross/Projects/challenges/bookmark-manager/spec/bookmark_spec.rb": [
        1,
        null,
        1,
        1,
        1,
        1,
        null,
        1,
        1,
        1,
        null,
        null,
        null
      ],
      "/Users/alittlecross/Projects/challenges/bookmark-manager/spec/features/viewing_bookmarks_spec.rb": [
        1,
        1,
        1,
        1,
        1,
        1,
        null,
        null
      ]
    },
    "timestamp": 1542699260
  }
}
